[2026-06-27 02:40:30] INFO: MongoDB connected successfully 
[2026-06-27 02:40:30] INFO: Server running on port 4000 
[2026-06-27 13:17:19] INFO: MongoDB connected successfully 
[2026-06-27 13:17:19] INFO: Server running on port 4000 
[2026-06-27 13:17:28] INFO: MongoDB connected successfully 
[2026-06-27 13:17:28] INFO: Server running on port 4000 
[2026-06-27 13:17:31] INFO: MongoDB connected successfully 
[2026-06-27 13:17:31] INFO: Server running on port 4000 
[2026-06-27 13:17:33] INFO: MongoDB connected successfully 
[2026-06-27 13:17:33] INFO: Server running on port 4000 
[2026-06-27 13:17:35] INFO: MongoDB connected successfully 
[2026-06-27 13:17:35] INFO: Server running on port 4000 
[2026-06-27 13:17:38] INFO: MongoDB connected successfully 
[2026-06-27 13:17:38] INFO: Server running on port 4000 
[2026-06-27 13:18:05] INFO: MongoDB connected successfully 
[2026-06-27 13:18:05] INFO: Server running on port 4000 
[2026-06-27 14:26:37] INFO: MongoDB connected successfully 
[2026-06-27 14:26:37] INFO: Server running on port 4000 
[2026-06-27 14:38:52] INFO: MongoDB connected successfully 
[2026-06-27 14:38:52] INFO: Server running on port 4000 
[2026-06-27 14:38:53] INFO: MongoDB connected successfully 
[2026-06-27 14:38:53] INFO: Server running on port 4000 
[2026-06-27 14:38:59] INFO: MongoDB connected successfully 
[2026-06-27 14:38:59] INFO: Server running on port 4000 
[2026-06-27 14:39:00] INFO: MongoDB connected successfully 
[2026-06-27 14:39:00] INFO: Server running on port 4000 
[2026-06-27 14:39:01] INFO: MongoDB connected successfully 
[2026-06-27 14:39:01] INFO: Server running on port 4000 
[2026-06-27 14:39:03] INFO: MongoDB connected successfully 
[2026-06-27 14:39:03] INFO: Server running on port 4000 
[2026-06-27 14:39:10] INFO: MongoDB connected successfully 
[2026-06-27 14:39:10] INFO: Server running on port 4000 
[2026-06-27 14:39:12] INFO: MongoDB connected successfully 
[2026-06-27 14:39:12] INFO: Server running on port 4000 
[2026-06-27 14:39:49] INFO: MongoDB connected successfully 
[2026-06-27 14:39:49] INFO: Server running on port 4000 
[2026-06-27 14:39:51] INFO: MongoDB connected successfully 
[2026-06-27 14:39:51] INFO: Server running on port 4000 
[2026-06-27 14:39:52] INFO: MongoDB connected successfully 
[2026-06-27 14:39:52] INFO: Server running on port 4000 
[2026-06-27 14:39:55] INFO: MongoDB connected successfully 
[2026-06-27 14:39:55] INFO: Server running on port 4000 
[2026-06-27 14:40:05] INFO: MongoDB connected successfully 
[2026-06-27 14:40:05] INFO: Server running on port 4000 
[2026-06-27 14:40:06] INFO: MongoDB connected successfully 
[2026-06-27 14:40:06] INFO: Server running on port 4000 
[2026-06-27 14:40:08] INFO: MongoDB connected successfully 
[2026-06-27 14:40:08] INFO: Server running on port 4000 
[2026-06-27 14:40:13] INFO: MongoDB connected successfully 
[2026-06-27 14:40:13] INFO: Server running on port 4000 
[2026-06-27 14:40:14] INFO: MongoDB connected successfully 
[2026-06-27 14:40:14] INFO: Server running on port 4000 
[2026-06-27 14:40:16] INFO: MongoDB connected successfully 
[2026-06-27 14:40:16] INFO: Server running on port 4000 
[2026-06-27 14:40:20] INFO: MongoDB connected successfully 
[2026-06-27 14:40:20] INFO: Server running on port 4000 
[2026-06-27 14:40:21] INFO: MongoDB connected successfully 
[2026-06-27 14:40:21] INFO: Server running on port 4000 
[2026-06-27 14:40:27] INFO: MongoDB connected successfully 
[2026-06-27 14:40:27] INFO: Server running on port 4000 
[2026-06-27 14:40:29] INFO: MongoDB connected successfully 
[2026-06-27 14:40:29] INFO: Server running on port 4000 
[2026-06-27 14:40:32] INFO: MongoDB connected successfully 
[2026-06-27 14:40:32] INFO: Server running on port 4000 
[2026-06-27 14:40:34] INFO: MongoDB connected successfully 
[2026-06-27 14:40:34] INFO: Server running on port 4000 
[2026-06-27 14:40:38] INFO: MongoDB connected successfully 
[2026-06-27 14:40:38] INFO: Server running on port 4000 
[2026-06-27 14:40:46] INFO: MongoDB connected successfully 
[2026-06-27 14:40:46] INFO: Server running on port 4000 
[2026-06-27 14:40:59] INFO: MongoDB connected successfully 
[2026-06-27 14:40:59] INFO: Server running on port 4000 
[2026-06-27 14:41:05] INFO: MongoDB connected successfully 
[2026-06-27 14:41:05] INFO: Server running on port 4000 
[2026-06-27 14:41:08] INFO: MongoDB connected successfully 
[2026-06-27 14:41:08] INFO: Server running on port 4000 
[2026-06-27 14:41:10] INFO: MongoDB connected successfully 
[2026-06-27 14:41:10] INFO: Server running on port 4000 
[2026-06-27 14:42:45] INFO: MongoDB connected successfully 
[2026-06-27 14:42:45] INFO: Server running on port 4000 
[2026-06-27 14:49:37] INFO: MongoDB connected successfully 
[2026-06-27 14:49:37] INFO: Server running on port 4000 
[2026-06-27 14:49:38] INFO: MongoDB connected successfully 
[2026-06-27 14:49:38] INFO: Server running on port 4000 
[2026-06-27 14:49:44] INFO: MongoDB connected successfully 
[2026-06-27 14:49:44] INFO: Server running on port 4000 
[2026-06-27 14:50:52] INFO: MongoDB connected successfully 
[2026-06-27 14:50:52] INFO: Server running on port 4000 
[2026-06-27 14:50:53] INFO: MongoDB connected successfully 
[2026-06-27 14:50:53] INFO: Server running on port 4000 
[2026-06-27 14:51:00] INFO: MongoDB connected successfully 
[2026-06-27 14:51:00] INFO: Server running on port 4000 
[2026-06-27 14:51:05] INFO: MongoDB connected successfully 
[2026-06-27 14:51:05] INFO: Server running on port 4000 
[2026-06-27 14:51:06] INFO: MongoDB connected successfully 
[2026-06-27 14:51:06] INFO: Server running on port 4000 
[2026-06-27 14:51:10] INFO: MongoDB connected successfully 
[2026-06-27 14:51:10] INFO: Server running on port 4000 
[2026-06-27 14:55:18] INFO: MongoDB connected successfully 
[2026-06-27 14:55:18] INFO: Server running on port 4000 
[2026-06-27 14:56:02] INFO: MongoDB connected successfully 
[2026-06-27 14:56:02] INFO: Server running on port 4000 
[2026-06-27 14:56:06] INFO: MongoDB connected successfully 
[2026-06-27 14:56:06] INFO: Server running on port 4000 
[2026-06-27 14:56:09] INFO: MongoDB connected successfully 
[2026-06-27 14:56:09] INFO: Server running on port 4000 
[2026-06-27 14:58:26] INFO: MongoDB connected successfully 
[2026-06-27 14:58:26] INFO: Server running on port 4000 
[2026-06-27 14:58:43] INFO: MongoDB connected successfully 
[2026-06-27 14:58:43] INFO: Server running on port 4000 
[2026-06-27 14:58:45] INFO: MongoDB connected successfully 
[2026-06-27 14:58:45] INFO: Server running on port 4000 
[2026-06-27 14:58:51] INFO: MongoDB connected successfully 
[2026-06-27 14:58:51] INFO: Server running on port 4000 
[2026-06-27 14:58:55] INFO: MongoDB connected successfully 
[2026-06-27 14:58:55] INFO: Server running on port 4000 
[2026-06-27 14:59:04] INFO: MongoDB connected successfully 
[2026-06-27 14:59:04] INFO: Server running on port 4000 
[2026-06-27 14:59:05] INFO: MongoDB connected successfully 
[2026-06-27 14:59:05] INFO: Server running on port 4000 
[2026-06-27 14:59:07] INFO: MongoDB connected successfully 
[2026-06-27 14:59:09] INFO: MongoDB connected successfully 
[2026-06-27 14:59:09] INFO: Server running on port 4000 
[2026-06-27 14:59:10] INFO: MongoDB connected successfully 
[2026-06-27 14:59:10] INFO: Server running on port 4000 
[2026-06-27 14:59:13] INFO: MongoDB connected successfully 
[2026-06-27 14:59:13] INFO: Server running on port 4000 
[2026-06-27 14:59:14] INFO: MongoDB connected successfully 
[2026-06-27 14:59:14] INFO: Server running on port 4000 
[2026-06-27 14:59:15] INFO: MongoDB connected successfully 
[2026-06-27 14:59:15] INFO: Server running on port 4000 
[2026-06-27 14:59:16] INFO: MongoDB connected successfully 
[2026-06-27 14:59:16] INFO: Server running on port 4000 
[2026-06-27 14:59:18] INFO: MongoDB connected successfully 
[2026-06-27 14:59:18] INFO: Server running on port 4000 
[2026-06-27 14:59:20] INFO: MongoDB connected successfully 
[2026-06-27 14:59:20] INFO: Server running on port 4000 
[2026-06-27 14:59:21] INFO: MongoDB connected successfully 
[2026-06-27 14:59:21] INFO: Server running on port 4000 
[2026-06-27 14:59:22] INFO: MongoDB connected successfully 
[2026-06-27 14:59:22] INFO: Server running on port 4000 
[2026-06-27 14:59:24] INFO: MongoDB connected successfully 
[2026-06-27 14:59:24] INFO: Server running on port 4000 
[2026-06-27 14:59:28] INFO: MongoDB connected successfully 
[2026-06-27 14:59:28] INFO: Server running on port 4000 
[2026-06-27 14:59:47] INFO: MongoDB connected successfully 
[2026-06-27 14:59:47] INFO: Server running on port 4000 
[2026-06-27 14:59:48] INFO: MongoDB connected successfully 
[2026-06-27 14:59:48] INFO: Server running on port 4000 
[2026-06-27 14:59:52] INFO: MongoDB connected successfully 
[2026-06-27 14:59:52] INFO: Server running on port 4000 
[2026-06-27 15:00:08] INFO: MongoDB connected successfully 
[2026-06-27 15:00:08] INFO: Server running on port 4000 
[2026-06-27 15:00:10] INFO: MongoDB connected successfully 
[2026-06-27 15:00:10] INFO: Server running on port 4000 
[2026-06-27 15:00:14] INFO: MongoDB connected successfully 
[2026-06-27 15:00:14] INFO: Server running on port 4000 
[2026-06-27 15:00:16] INFO: MongoDB connected successfully 
[2026-06-27 15:00:16] INFO: Server running on port 4000 
[2026-06-27 15:17:27] INFO: MongoDB connected successfully 
[2026-06-27 15:17:27] INFO: Server running on port 4000 
[2026-06-27 16:09:17] INFO: MongoDB connected successfully 
[2026-06-27 16:09:17] INFO: Server running on port 4000 
[2026-06-27 16:13:45] INFO: MongoDB connected successfully 
[2026-06-27 16:13:45] INFO: Server running on port 4000 
[2026-06-27 16:13:50] INFO: Add task request 
[2026-06-27 16:13:50] INFO: Task created successfully 
[2026-06-27 16:13:50] INFO: Task added SUCCESS 
